#! /usr/bin/vvp
:ivl_version "10.1 (stable)";
:ivl_delay_selection "TYPICAL";
:vpi_time_precision + 0;
:vpi_module "system";
:vpi_module "vhdl_sys";
:vpi_module "v2005_math";
:vpi_module "va_math";
S_0x55886da60710 .scope module, "testbench" "testbench" 2 2;
 .timescale 0 0;
v0x55886da810a0_0 .var "a", 0 0;
v0x55886da81160_0 .var "b", 0 0;
v0x55886da81200_0 .var "c", 0 0;
v0x55886da812a0_0 .var "d", 0 0;
o0x7f1077dca378 .functor BUFZ 1, C4<z>; HiZ drive
v0x55886da81370_0 .net "m1", 0 0, o0x7f1077dca378;  0 drivers
o0x7f1077dca3a8 .functor BUFZ 1, C4<z>; HiZ drive
v0x55886da81410_0 .net "m2", 0 0, o0x7f1077dca3a8;  0 drivers
o0x7f1077dca3d8 .functor BUFZ 1, C4<z>; HiZ drive
v0x55886da814b0_0 .net "m3", 0 0, o0x7f1077dca3d8;  0 drivers
o0x7f1077dca408 .functor BUFZ 1, C4<z>; HiZ drive
v0x55886da81550_0 .net "m4", 0 0, o0x7f1077dca408;  0 drivers
o0x7f1077dca438 .functor BUFZ 1, C4<z>; HiZ drive
v0x55886da815f0_0 .net "m5", 0 0, o0x7f1077dca438;  0 drivers
v0x55886da81690_0 .var "ready", 0 0;
v0x55886da81730_0 .var "reset", 0 0;
S_0x55886da60890 .scope module, "codificador_0" "codificador" 2 5, 3 1 0, S_0x55886da60710;
 .timescale 0 0;
    .port_info 0 /INPUT 1 "a"
    .port_info 1 /INPUT 1 "b"
    .port_info 2 /INPUT 1 "c"
    .port_info 3 /INPUT 1 "d"
    .port_info 4 /OUTPUT 1 "m1"
    .port_info 5 /INPUT 1 "reset"
    .port_info 6 /INPUT 1 "ready"
v0x55886da60b10_0 .net "a", 0 0, v0x55886da810a0_0;  1 drivers
v0x55886da80810_0 .net "b", 0 0, v0x55886da81160_0;  1 drivers
v0x55886da808d0_0 .net "c", 0 0, v0x55886da81200_0;  1 drivers
v0x55886da80970_0 .net "d", 0 0, v0x55886da812a0_0;  1 drivers
v0x55886da80a30_0 .var "m1", 0 0;
v0x55886da80b40_0 .var "m2", 0 0;
v0x55886da80c00_0 .var "m3", 0 0;
v0x55886da80cc0_0 .var "m4", 0 0;
v0x55886da80d80_0 .var "m5", 0 0;
v0x55886da80e40_0 .net "ready", 0 0, v0x55886da81690_0;  1 drivers
v0x55886da80f00_0 .net "reset", 0 0, v0x55886da81730_0;  1 drivers
E_0x55886da483e0/0 .event edge, v0x55886da80f00_0, v0x55886da80e40_0, v0x55886da80810_0, v0x55886da808d0_0;
E_0x55886da483e0/1 .event edge, v0x55886da60b10_0, v0x55886da80970_0;
E_0x55886da483e0 .event/or E_0x55886da483e0/0, E_0x55886da483e0/1;
    .scope S_0x55886da60890;
T_0 ;
    %wait E_0x55886da483e0;
    %load/vec4 v0x55886da80f00_0;
    %flag_set/vec4 8;
    %jmp/0xz  T_0.0, 8;
    %pushi/vec4 0, 0, 1;
    %store/vec4 v0x55886da80a30_0, 0, 1;
    %pushi/vec4 0, 0, 1;
    %store/vec4 v0x55886da80b40_0, 0, 1;
    %pushi/vec4 0, 0, 1;
    %store/vec4 v0x55886da80c00_0, 0, 1;
    %pushi/vec4 0, 0, 1;
    %store/vec4 v0x55886da80cc0_0, 0, 1;
    %pushi/vec4 0, 0, 1;
    %store/vec4 v0x55886da80d80_0, 0, 1;
    %jmp T_0.1;
T_0.0 ;
    %load/vec4 v0x55886da80e40_0;
    %flag_set/vec4 8;
    %jmp/0xz  T_0.2, 8;
    %load/vec4 v0x55886da80810_0;
    %load/vec4 v0x55886da808d0_0;
    %inv;
    %and;
    %load/vec4 v0x55886da60b10_0;
    %inv;
    %load/vec4 v0x55886da808d0_0;
    %inv;
    %and;
    %load/vec4 v0x55886da80970_0;
    %and;
    %or;
    %load/vec4 v0x55886da80810_0;
    %inv;
    %load/vec4 v0x55886da808d0_0;
    %and;
    %or;
    %store/vec4 v0x55886da80a30_0, 0, 1;
    %load/vec4 v0x55886da60b10_0;
    %inv;
    %load/vec4 v0x55886da80810_0;
    %and;
    %load/vec4 v0x55886da808d0_0;
    %inv;
    %and;
    %load/vec4 v0x55886da60b10_0;
    %inv;
    %load/vec4 v0x55886da80810_0;
    %inv;
    %and;
    %load/vec4 v0x55886da808d0_0;
    %and;
    %or;
    %load/vec4 v0x55886da60b10_0;
    %inv;
    %load/vec4 v0x55886da808d0_0;
    %and;
    %load/vec4 v0x55886da80970_0;
    %inv;
    %and;
    %or;
    %store/vec4 v0x55886da80b40_0, 0, 1;
    %load/vec4 v0x55886da60b10_0;
    %inv;
    %load/vec4 v0x55886da80810_0;
    %and;
    %load/vec4 v0x55886da60b10_0;
    %inv;
    %load/vec4 v0x55886da808d0_0;
    %and;
    %load/vec4 v0x55886da80970_0;
    %and;
    %or;
    %store/vec4 v0x55886da80c00_0, 0, 1;
    %load/vec4 v0x55886da60b10_0;
    %inv;
    %load/vec4 v0x55886da80810_0;
    %and;
    %load/vec4 v0x55886da60b10_0;
    %load/vec4 v0x55886da80810_0;
    %inv;
    %and;
    %load/vec4 v0x55886da808d0_0;
    %inv;
    %and;
    %load/vec4 v0x55886da80970_0;
    %inv;
    %and;
    %or;
    %store/vec4 v0x55886da80cc0_0, 0, 1;
    %load/vec4 v0x55886da60b10_0;
    %load/vec4 v0x55886da80810_0;
    %inv;
    %and;
    %load/vec4 v0x55886da808d0_0;
    %inv;
    %and;
    %load/vec4 v0x55886da60b10_0;
    %inv;
    %load/vec4 v0x55886da80810_0;
    %and;
    %load/vec4 v0x55886da80970_0;
    %and;
    %or;
    %load/vec4 v0x55886da60b10_0;
    %inv;
    %load/vec4 v0x55886da80810_0;
    %and;
    %load/vec4 v0x55886da808d0_0;
    %and;
    %or;
    %store/vec4 v0x55886da80d80_0, 0, 1;
T_0.2 ;
T_0.1 ;
    %jmp T_0;
    .thread T_0, $push;
    .scope S_0x55886da60710;
T_1 ;
    %vpi_call 2 7 "$dumpfile", "teste.vcd" {0 0 0};
    %vpi_call 2 8 "$dumpvars", 32'sb00000000000000000000000000000000, S_0x55886da60710 {0 0 0};
    %vpi_call 2 9 "$display", "ola, eu sou um testbench" {0 0 0};
    %vpi_call 2 10 "$monitor", "%b%b%b%b = %b%b%b%b%b", v0x55886da810a0_0, v0x55886da81160_0, v0x55886da81200_0, v0x55886da812a0_0, v0x55886da81370_0, v0x55886da81410_0, v0x55886da814b0_0, v0x55886da81550_0, v0x55886da815f0_0 {0 0 0};
    %end;
    .thread T_1;
    .scope S_0x55886da60710;
T_2 ;
    %pushi/vec4 1, 0, 1;
    %store/vec4 v0x55886da81730_0, 0, 1;
    %delay 1, 0;
    %pushi/vec4 0, 0, 1;
    %store/vec4 v0x55886da81730_0, 0, 1;
    %delay 1, 0;
    %pushi/vec4 0, 0, 1;
    %store/vec4 v0x55886da81690_0, 0, 1;
    %pushi/vec4 0, 0, 1;
    %store/vec4 v0x55886da810a0_0, 0, 1;
    %pushi/vec4 0, 0, 1;
    %store/vec4 v0x55886da81160_0, 0, 1;
    %pushi/vec4 0, 0, 1;
    %store/vec4 v0x55886da81200_0, 0, 1;
    %pushi/vec4 0, 0, 1;
    %store/vec4 v0x55886da812a0_0, 0, 1;
    %pushi/vec4 1, 0, 1;
    %store/vec4 v0x55886da81690_0, 0, 1;
    %delay 1, 0;
    %pushi/vec4 0, 0, 1;
    %store/vec4 v0x55886da81690_0, 0, 1;
    %pushi/vec4 0, 0, 1;
    %store/vec4 v0x55886da810a0_0, 0, 1;
    %pushi/vec4 0, 0, 1;
    %store/vec4 v0x55886da81160_0, 0, 1;
    %pushi/vec4 0, 0, 1;
    %store/vec4 v0x55886da81200_0, 0, 1;
    %pushi/vec4 1, 0, 1;
    %store/vec4 v0x55886da812a0_0, 0, 1;
    %pushi/vec4 1, 0, 1;
    %store/vec4 v0x55886da81690_0, 0, 1;
    %delay 1, 0;
    %pushi/vec4 0, 0, 1;
    %store/vec4 v0x55886da81690_0, 0, 1;
    %pushi/vec4 0, 0, 1;
    %store/vec4 v0x55886da810a0_0, 0, 1;
    %pushi/vec4 0, 0, 1;
    %store/vec4 v0x55886da81160_0, 0, 1;
    %pushi/vec4 1, 0, 1;
    %store/vec4 v0x55886da81200_0, 0, 1;
    %pushi/vec4 0, 0, 1;
    %store/vec4 v0x55886da812a0_0, 0, 1;
    %pushi/vec4 1, 0, 1;
    %store/vec4 v0x55886da81690_0, 0, 1;
    %delay 1, 0;
    %pushi/vec4 0, 0, 1;
    %store/vec4 v0x55886da81690_0, 0, 1;
    %pushi/vec4 0, 0, 1;
    %store/vec4 v0x55886da810a0_0, 0, 1;
    %pushi/vec4 0, 0, 1;
    %store/vec4 v0x55886da81160_0, 0, 1;
    %pushi/vec4 1, 0, 1;
    %store/vec4 v0x55886da81200_0, 0, 1;
    %pushi/vec4 1, 0, 1;
    %store/vec4 v0x55886da812a0_0, 0, 1;
    %pushi/vec4 1, 0, 1;
    %store/vec4 v0x55886da81690_0, 0, 1;
    %delay 1, 0;
    %pushi/vec4 0, 0, 1;
    %store/vec4 v0x55886da81690_0, 0, 1;
    %pushi/vec4 0, 0, 1;
    %store/vec4 v0x55886da810a0_0, 0, 1;
    %pushi/vec4 1, 0, 1;
    %store/vec4 v0x55886da81160_0, 0, 1;
    %pushi/vec4 0, 0, 1;
    %store/vec4 v0x55886da81200_0, 0, 1;
    %pushi/vec4 0, 0, 1;
    %store/vec4 v0x55886da812a0_0, 0, 1;
    %pushi/vec4 1, 0, 1;
    %store/vec4 v0x55886da81690_0, 0, 1;
    %delay 1, 0;
    %pushi/vec4 0, 0, 1;
    %store/vec4 v0x55886da81690_0, 0, 1;
    %pushi/vec4 0, 0, 1;
    %store/vec4 v0x55886da810a0_0, 0, 1;
    %pushi/vec4 1, 0, 1;
    %store/vec4 v0x55886da81160_0, 0, 1;
    %pushi/vec4 0, 0, 1;
    %store/vec4 v0x55886da81200_0, 0, 1;
    %pushi/vec4 1, 0, 1;
    %store/vec4 v0x55886da812a0_0, 0, 1;
    %pushi/vec4 1, 0, 1;
    %store/vec4 v0x55886da81690_0, 0, 1;
    %delay 1, 0;
    %pushi/vec4 0, 0, 1;
    %store/vec4 v0x55886da81690_0, 0, 1;
    %pushi/vec4 0, 0, 1;
    %store/vec4 v0x55886da810a0_0, 0, 1;
    %pushi/vec4 1, 0, 1;
    %store/vec4 v0x55886da81160_0, 0, 1;
    %pushi/vec4 1, 0, 1;
    %store/vec4 v0x55886da81200_0, 0, 1;
    %pushi/vec4 0, 0, 1;
    %store/vec4 v0x55886da812a0_0, 0, 1;
    %pushi/vec4 1, 0, 1;
    %store/vec4 v0x55886da81690_0, 0, 1;
    %delay 1, 0;
    %pushi/vec4 0, 0, 1;
    %store/vec4 v0x55886da81690_0, 0, 1;
    %pushi/vec4 0, 0, 1;
    %store/vec4 v0x55886da810a0_0, 0, 1;
    %pushi/vec4 1, 0, 1;
    %store/vec4 v0x55886da81160_0, 0, 1;
    %pushi/vec4 1, 0, 1;
    %store/vec4 v0x55886da81200_0, 0, 1;
    %pushi/vec4 1, 0, 1;
    %store/vec4 v0x55886da812a0_0, 0, 1;
    %pushi/vec4 1, 0, 1;
    %store/vec4 v0x55886da81690_0, 0, 1;
    %delay 1, 0;
    %pushi/vec4 0, 0, 1;
    %store/vec4 v0x55886da81690_0, 0, 1;
    %pushi/vec4 1, 0, 1;
    %store/vec4 v0x55886da810a0_0, 0, 1;
    %pushi/vec4 0, 0, 1;
    %store/vec4 v0x55886da81160_0, 0, 1;
    %pushi/vec4 0, 0, 1;
    %store/vec4 v0x55886da81200_0, 0, 1;
    %pushi/vec4 0, 0, 1;
    %store/vec4 v0x55886da812a0_0, 0, 1;
    %pushi/vec4 1, 0, 1;
    %store/vec4 v0x55886da81690_0, 0, 1;
    %delay 1, 0;
    %pushi/vec4 0, 0, 1;
    %store/vec4 v0x55886da81690_0, 0, 1;
    %pushi/vec4 1, 0, 1;
    %store/vec4 v0x55886da810a0_0, 0, 1;
    %pushi/vec4 0, 0, 1;
    %store/vec4 v0x55886da81160_0, 0, 1;
    %pushi/vec4 0, 0, 1;
    %store/vec4 v0x55886da81200_0, 0, 1;
    %pushi/vec4 1, 0, 1;
    %store/vec4 v0x55886da812a0_0, 0, 1;
    %pushi/vec4 1, 0, 1;
    %store/vec4 v0x55886da81690_0, 0, 1;
    %vpi_call 2 29 "$finish" {0 0 0};
    %end;
    .thread T_2;
# The file index is used to find the file name in the following table.
:file_names 4;
    "N/A";
    "<interactive>";
    "testebench.v";
    "./codificador.v";
